#
# There is insufficient memory for the Java Runtime Environment to continue.
# Native memory allocation (malloc) failed to allocate 32784 bytes for Chunk::new
# Possible reasons:
#   The system is out of physical RAM or swap space
#   The process is running with CompressedOops enabled, and the Java Heap may be blocking the growth of the native heap
# Possible solutions:
#   Reduce memory load on the system
#   Increase physical memory or swap space
#   Check if swap backing store is full
#   Decrease Java heap size (-Xmx/-Xms)
#   Decrease number of Java threads
#   Decrease Java thread stack sizes (-Xss)
#   Set larger code cache with -XX:ReservedCodeCacheSize=
#   JVM is running with Unscaled Compressed Oops mode in which the Java heap is
#     placed in the first 4GB address space. The Java Heap base address is the
#     maximum limit for the native heap growth. Please use -XX:HeapBaseMinAddress
#     to set the Java Heap base and to place the Java Heap above 4GB virtual address.
# This output file may be truncated or incomplete.
#
#  Out of Memory Error (arena.cpp:189), pid=23480, tid=19556
#
# JRE version: OpenJDK Runtime Environment (17.0.7) (build 17.0.7+0-b2043.56-10550314)
# Java VM: OpenJDK 64-Bit Server VM (17.0.7+0-b2043.56-10550314, mixed mode, tiered, compressed oops, compressed class ptrs, g1 gc, windows-amd64)
# No core dump will be written. Minidumps are not enabled by default on client versions of Windows
#

---------------  S U M M A R Y ------------

Command Line: -Dorg.gradle.appname=gradlew org.gradle.wrapper.GradleWrapperMain -q -Ptarget-platform=android-x64 -Ptarget=C:\Users\Malith\Downloads\fluttergarbageproject\agriculture\agriculture\lib\main.dart -Pbase-application-name=android.app.Application -Pdart-defines=RkxVVFRFUl9XRUJfQVVUT19ERVRFQ1Q9dHJ1ZQ==,RkxVVFRFUl9XRUJfQ0FOVkFTS0lUX1VSTD1odHRwczovL3d3dy5nc3RhdGljLmNvbS9mbHV0dGVyLWNhbnZhc2tpdC9hNWMyNGY1MzhkMDVhYWY2NmY3OTcyZmIyMzk1OWQ4Y2FmYjlmOTVhLw== -Pdart-obfuscation=false -Ptrack-widget-creation=true -Ptree-shake-icons=false -Pfilesystem-scheme=org-dartlang-root assembleDebug

Host: Intel(R) Core(TM) i7-5500U CPU @ 2.40GHz, 4 cores, 7G,  Windows 11 , 64 bit Build 22621 (10.0.22621.3235)
Time: Fri Mar 29 10:43:28 2024 Sri Lanka Standard Time elapsed time: 3.623321 seconds (0d 0h 0m 3s)

---------------  T H R E A D  ---------------

Current thread (0x0000022913640190):  JavaThread "C2 CompilerThread0" daemon [_thread_in_native, id=19556, stack(0x000000893e800000,0x000000893e900000)]


Current CompileTask:
C2:   3623  783   !   4       jdk.internal.loader.URLClassPath$JarLoader::getResource (65 bytes)

Stack: [0x000000893e800000,0x000000893e900000]
Native frames: (J=compiled Java code, j=interpreted, Vv=VM code, C=native code)
V  [jvm.dll+0x683bfa]
V  [jvm.dll+0x8430a4]
V  [jvm.dll+0x8449be]
V  [jvm.dll+0x845023]
V  [jvm.dll+0x24ad2f]
V  [jvm.dll+0xac25c]
V  [jvm.dll+0xac82c]
V  [jvm.dll+0xac36b]
V  [jvm.dll+0x66102c]
V  [jvm.dll+0x58bf4f]
V  [jvm.dll+0x225a12]
V  [jvm.dll+0x21ec49]
V  [jvm.dll+0x21c56b]
V  [jvm.dll+0x1a605d]
V  [jvm.dll+0x22c148]
V  [jvm.dll+0x22a209]
V  [jvm.dll+0x7f858c]
V  [jvm.dll+0x7f2aea]
V  [jvm.dll+0x682a35]
C  [ucrtbase.dll+0x29363]
C  [KERNEL32.DLL+0x1257d]
C  [ntdll.dll+0x5aa58]


---------------  P R O C E S S  ---------------

Threads class SMR info:
_java_thread_list=0x000002291377baf0, length=12, elements={
0x0000022979ee3c50, 0x00000229134d4260, 0x00000229134d4fe0, 0x00000229134c0ed0,
0x000002291363d410, 0x000002291363ece0, 0x000002291363f5a0, 0x0000022913640190,
0x0000022913642aa0, 0x000002291369ea20, 0x000002291379bd70, 0x00000229137b2520
}

Java Threads: ( => current thread )
  0x0000022979ee3c50 JavaThread "main" [_thread_in_native, id=8096, stack(0x000000893db00000,0x000000893dc00000)]
  0x00000229134d4260 JavaThread "Reference Handler" daemon [_thread_blocked, id=22388, stack(0x000000893e200000,0x000000893e300000)]
  0x00000229134d4fe0 JavaThread "Finalizer" daemon [_thread_blocked, id=13088, stack(0x000000893e300000,0x000000893e400000)]
  0x00000229134c0ed0 JavaThread "Signal Dispatcher" daemon [_thread_blocked, id=14468, stack(0x000000893e400000,0x000000893e500000)]
  0x000002291363d410 JavaThread "Attach Listener" daemon [_thread_blocked, id=3420, stack(0x000000893e500000,0x000000893e600000)]
  0x000002291363ece0 JavaThread "Service Thread" daemon [_thread_blocked, id=14400, stack(0x000000893e600000,0x000000893e700000)]
  0x000002291363f5a0 JavaThread "Monitor Deflation Thread" daemon [_thread_blocked, id=14116, stack(0x000000893e700000,0x000000893e800000)]
=>0x0000022913640190 JavaThread "C2 CompilerThread0" daemon [_thread_in_native, id=19556, stack(0x000000893e800000,0x000000893e900000)]
  0x0000022913642aa0 JavaThread "C1 CompilerThread0" daemon [_thread_blocked, id=5996, stack(0x000000893e900000,0x000000893ea00000)]
  0x000002291369ea20 JavaThread "Sweeper thread" daemon [_thread_blocked, id=9964, stack(0x000000893ea00000,0x000000893eb00000)]
  0x000002291379bd70 JavaThread "Notification Thread" daemon [_thread_blocked, id=22584, stack(0x000000893eb00000,0x000000893ec00000)]
  0x00000229137b2520 JavaThread "Common-Cleaner" daemon [_thread_blocked, id=22812, stack(0x000000893ed00000,0x000000893ee00000)]

Other Threads:
  0x00000229134b0e60 VMThread "VM Thread" [stack: 0x000000893e100000,0x000000893e200000] [id=14472]
  0x000002291379c240 WatcherThread [stack: 0x000000893ec00000,0x000000893ed00000] [id=20340]
  0x0000022979f3c400 GCTaskThread "GC Thread#0" [stack: 0x000000893dc00000,0x000000893dd00000] [id=15356]
  0x00000229181979e0 GCTaskThread "GC Thread#1" [stack: 0x000000893ee00000,0x000000893ef00000] [id=14128]
  0x0000022918197c90 GCTaskThread "GC Thread#2" [stack: 0x000000893ef00000,0x000000893f000000] [id=11532]
  0x00000229182f4d30 GCTaskThread "GC Thread#3" [stack: 0x000000893f000000,0x000000893f100000] [id=11332]
  0x0000022979f4cf90 ConcurrentGCThread "G1 Main Marker" [stack: 0x000000893dd00000,0x000000893de00000] [id=7728]
  0x0000022979f4f8d0 ConcurrentGCThread "G1 Conc#0" [stack: 0x000000893de00000,0x000000893df00000] [id=11752]
  0x0000022979f94d90 ConcurrentGCThread "G1 Refine#0" [stack: 0x000000893df00000,0x000000893e000000] [id=22864]
  0x0000022979f956c0 ConcurrentGCThread "G1 Service" [stack: 0x000000893e000000,0x000000893e100000] [id=18740]

Threads with active compile tasks:
C2 CompilerThread0     3666  783   !   4       jdk.internal.loader.URLClassPath$JarLoader::getResource (65 bytes)

VM state: not at safepoint (normal execution)

VM Mutex/Monitor currently owned by a thread: None

Heap address: 0x0000000081600000, size: 2026 MB, Compressed Oops mode: 32-bit

CDS archive(s) not mapped
Compressed class space mapped at: 0x0000000100000000-0x0000000140000000, reserved size: 1073741824
Narrow klass base: 0x0000000000000000, Narrow klass shift: 3, Narrow klass range: 0x140000000

GC Precious Log:
 CPUs: 4 total, 4 available
 Memory: 8102M
 Large Page Support: Disabled
 NUMA Support: Disabled
 Compressed Oops: Enabled (32-bit)
 Heap Region Size: 1M
 Heap Min Capacity: 8M
 Heap Initial Capacity: 128M
 Heap Max Capacity: 2026M
 Pre-touch: Disabled
 Parallel Workers: 4
 Concurrent Workers: 1
 Concurrent Refinement Workers: 4
 Periodic GC: Disabled

Heap:
 garbage-first heap   total 131072K, used 13848K [0x0000000081600000, 0x0000000100000000)
  region size 1024K, 10 young (10240K), 2 survivors (2048K)
 Metaspace       used 10525K, committed 10688K, reserved 1114112K
  class space    used 1056K, committed 1152K, reserved 1048576K

Heap Regions: E=young(eden), S=young(survivor), O=old, HS=humongous(starts), HC=humongous(continues), CS=collection set, F=free, OA=open archive, CA=closed archive, TAMS=top-at-mark-start (previous, next)
|   0|0x0000000081600000, 0x0000000081700000, 0x0000000081700000|100%|HS|  |TAMS 0x0000000081600000, 0x0000000081600000| Complete 
|   1|0x0000000081700000, 0x0000000081800000, 0x0000000081800000|100%|HC|  |TAMS 0x0000000081700000, 0x0000000081700000| Complete 
|   2|0x0000000081800000, 0x0000000081900000, 0x0000000081900000|100%|HC|  |TAMS 0x0000000081800000, 0x0000000081800000| Complete 
|   3|0x0000000081900000, 0x0000000081a00000, 0x0000000081a00000|100%| O|  |TAMS 0x0000000081900000, 0x0000000081900000| Untracked 
|   4|0x0000000081a00000, 0x0000000081a86000, 0x0000000081b00000| 52%| O|  |TAMS 0x0000000081a00000, 0x0000000081a00000| Untracked 
|   5|0x0000000081b00000, 0x0000000081b00000, 0x0000000081c00000|  0%| F|  |TAMS 0x0000000081b00000, 0x0000000081b00000| Untracked 
|   6|0x0000000081c00000, 0x0000000081c00000, 0x0000000081d00000|  0%| F|  |TAMS 0x0000000081c00000, 0x0000000081c00000| Untracked 
|   7|0x0000000081d00000, 0x0000000081d00000, 0x0000000081e00000|  0%| F|  |TAMS 0x0000000081d00000, 0x0000000081d00000| Untracked 
|   8|0x0000000081e00000, 0x0000000081e00000, 0x0000000081f00000|  0%| F|  |TAMS 0x0000000081e00000, 0x0000000081e00000| Untracked 
|   9|0x0000000081f00000, 0x0000000081f00000, 0x0000000082000000|  0%| F|  |TAMS 0x0000000081f00000, 0x0000000081f00000| Untracked 
|  10|0x0000000082000000, 0x0000000082000000, 0x0000000082100000|  0%| F|  |TAMS 0x0000000082000000, 0x0000000082000000| Untracked 
|  11|0x0000000082100000, 0x0000000082100000, 0x0000000082200000|  0%| F|  |TAMS 0x0000000082100000, 0x0000000082100000| Untracked 
|  12|0x0000000082200000, 0x0000000082200000, 0x0000000082300000|  0%| F|  |TAMS 0x0000000082200000, 0x0000000082200000| Untracked 
|  13|0x0000000082300000, 0x0000000082300000, 0x0000000082400000|  0%| F|  |TAMS 0x0000000082300000, 0x0000000082300000| Untracked 
|  14|0x0000000082400000, 0x0000000082400000, 0x0000000082500000|  0%| F|  |TAMS 0x0000000082400000, 0x0000000082400000| Untracked 
|  15|0x0000000082500000, 0x0000000082500000, 0x0000000082600000|  0%| F|  |TAMS 0x0000000082500000, 0x0000000082500000| Untracked 
|  16|0x0000000082600000, 0x0000000082600000, 0x0000000082700000|  0%| F|  |TAMS 0x0000000082600000, 0x0000000082600000| Untracked 
|  17|0x0000000082700000, 0x0000000082700000, 0x0000000082800000|  0%| F|  |TAMS 0x0000000082700000, 0x0000000082700000| Untracked 
|  18|0x0000000082800000, 0x0000000082800000, 0x0000000082900000|  0%| F|  |TAMS 0x0000000082800000, 0x0000000082800000| Untracked 
|  19|0x0000000082900000, 0x0000000082900000, 0x0000000082a00000|  0%| F|  |TAMS 0x0000000082900000, 0x0000000082900000| Untracked 
|  20|0x0000000082a00000, 0x0000000082a00000, 0x0000000082b00000|  0%| F|  |TAMS 0x0000000082a00000, 0x0000000082a00000| Untracked 
|  21|0x0000000082b00000, 0x0000000082b00000, 0x0000000082c00000|  0%| F|  |TAMS 0x0000000082b00000, 0x0000000082b00000| Untracked 
|  22|0x0000000082c00000, 0x0000000082c00000, 0x0000000082d00000|  0%| F|  |TAMS 0x0000000082c00000, 0x0000000082c00000| Untracked 
|  23|0x0000000082d00000, 0x0000000082d00000, 0x0000000082e00000|  0%| F|  |TAMS 0x0000000082d00000, 0x0000000082d00000| Untracked 
|  24|0x0000000082e00000, 0x0000000082e00000, 0x0000000082f00000|  0%| F|  |TAMS 0x0000000082e00000, 0x0000000082e00000| Untracked 
|  25|0x0000000082f00000, 0x0000000082f00000, 0x0000000083000000|  0%| F|  |TAMS 0x0000000082f00000, 0x0000000082f00000| Untracked 
|  26|0x0000000083000000, 0x0000000083000000, 0x0000000083100000|  0%| F|  |TAMS 0x0000000083000000, 0x0000000083000000| Untracked 
|  27|0x0000000083100000, 0x0000000083100000, 0x0000000083200000|  0%| F|  |TAMS 0x0000000083100000, 0x0000000083100000| Untracked 
|  28|0x0000000083200000, 0x0000000083200000, 0x0000000083300000|  0%| F|  |TAMS 0x0000000083200000, 0x0000000083200000| Untracked 
|  29|0x0000000083300000, 0x0000000083300000, 0x0000000083400000|  0%| F|  |TAMS 0x0000000083300000, 0x0000000083300000| Untracked 
|  30|0x0000000083400000, 0x0000000083400000, 0x0000000083500000|  0%| F|  |TAMS 0x0000000083400000, 0x0000000083400000| Untracked 
|  31|0x0000000083500000, 0x0000000083500000, 0x0000000083600000|  0%| F|  |TAMS 0x0000000083500000, 0x0000000083500000| Untracked 
|  32|0x0000000083600000, 0x0000000083600000, 0x0000000083700000|  0%| F|  |TAMS 0x0000000083600000, 0x0000000083600000| Untracked 
|  33|0x0000000083700000, 0x0000000083700000, 0x0000000083800000|  0%| F|  |TAMS 0x0000000083700000, 0x0000000083700000| Untracked 
|  34|0x0000000083800000, 0x0000000083800000, 0x0000000083900000|  0%| F|  |TAMS 0x0000000083800000, 0x0000000083800000| Untracked 
|  35|0x0000000083900000, 0x0000000083900000, 0x0000000083a00000|  0%| F|  |TAMS 0x0000000083900000, 0x0000000083900000| Untracked 
|  36|0x0000000083a00000, 0x0000000083a00000, 0x0000000083b00000|  0%| F|  |TAMS 0x0000000083a00000, 0x0000000083a00000| Untracked 
|  37|0x0000000083b00000, 0x0000000083b00000, 0x0000000083c00000|  0%| F|  |TAMS 0x0000000083b00000, 0x0000000083b00000| Untracked 
|  38|0x0000000083c00000, 0x0000000083c00000, 0x0000000083d00000|  0%| F|  |TAMS 0x0000000083c00000, 0x0000000083c00000| Untracked 
|  39|0x0000000083d00000, 0x0000000083d00000, 0x0000000083e00000|  0%| F|  |TAMS 0x0000000083d00000, 0x0000000083d00000| Untracked 
|  40|0x0000000083e00000, 0x0000000083e00000, 0x0000000083f00000|  0%| F|  |TAMS 0x0000000083e00000, 0x0000000083e00000| Untracked 
|  41|0x0000000083f00000, 0x0000000083f00000, 0x0000000084000000|  0%| F|  |TAMS 0x0000000083f00000, 0x0000000083f00000| Untracked 
|  42|0x0000000084000000, 0x0000000084000000, 0x0000000084100000|  0%| F|  |TAMS 0x0000000084000000, 0x0000000084000000| Untracked 
|  43|0x0000000084100000, 0x0000000084100000, 0x0000000084200000|  0%| F|  |TAMS 0x0000000084100000, 0x0000000084100000| Untracked 
|  44|0x0000000084200000, 0x0000000084200000, 0x0000000084300000|  0%| F|  |TAMS 0x0000000084200000, 0x0000000084200000| Untracked 
|  45|0x0000000084300000, 0x0000000084300000, 0x0000000084400000|  0%| F|  |TAMS 0x0000000084300000, 0x0000000084300000| Untracked 
|  46|0x0000000084400000, 0x0000000084400000, 0x0000000084500000|  0%| F|  |TAMS 0x0000000084400000, 0x0000000084400000| Untracked 
|  47|0x0000000084500000, 0x0000000084500000, 0x0000000084600000|  0%| F|  |TAMS 0x0000000084500000, 0x0000000084500000| Untracked 
|  48|0x0000000084600000, 0x0000000084600000, 0x0000000084700000|  0%| F|  |TAMS 0x0000000084600000, 0x0000000084600000| Untracked 
|  49|0x0000000084700000, 0x0000000084700000, 0x0000000084800000|  0%| F|  |TAMS 0x0000000084700000, 0x0000000084700000| Untracked 
|  50|0x0000000084800000, 0x0000000084800000, 0x0000000084900000|  0%| F|  |TAMS 0x0000000084800000, 0x0000000084800000| Untracked 
|  51|0x0000000084900000, 0x0000000084900000, 0x0000000084a00000|  0%| F|  |TAMS 0x0000000084900000, 0x0000000084900000| Untracked 
|  52|0x0000000084a00000, 0x0000000084a00000, 0x0000000084b00000|  0%| F|  |TAMS 0x0000000084a00000, 0x0000000084a00000| Untracked 
|  53|0x0000000084b00000, 0x0000000084b00000, 0x0000000084c00000|  0%| F|  |TAMS 0x0000000084b00000, 0x0000000084b00000| Untracked 
|  54|0x0000000084c00000, 0x0000000084c00000, 0x0000000084d00000|  0%| F|  |TAMS 0x0000000084c00000, 0x0000000084c00000| Untracked 
|  55|0x0000000084d00000, 0x0000000084d00000, 0x0000000084e00000|  0%| F|  |TAMS 0x0000000084d00000, 0x0000000084d00000| Untracked 
|  56|0x0000000084e00000, 0x0000000084e00000, 0x0000000084f00000|  0%| F|  |TAMS 0x0000000084e00000, 0x0000000084e00000| Untracked 
|  57|0x0000000084f00000, 0x0000000084f00000, 0x0000000085000000|  0%| F|  |TAMS 0x0000000084f00000, 0x0000000084f00000| Untracked 
|  58|0x0000000085000000, 0x0000000085000000, 0x0000000085100000|  0%| F|  |TAMS 0x0000000085000000, 0x0000000085000000| Untracked 
|  59|0x0000000085100000, 0x0000000085100000, 0x0000000085200000|  0%| F|  |TAMS 0x0000000085100000, 0x0000000085100000| Untracked 
|  60|0x0000000085200000, 0x0000000085200000, 0x0000000085300000|  0%| F|  |TAMS 0x0000000085200000, 0x0000000085200000| Untracked 
|  61|0x0000000085300000, 0x0000000085300000, 0x0000000085400000|  0%| F|  |TAMS 0x0000000085300000, 0x0000000085300000| Untracked 
|  62|0x0000000085400000, 0x0000000085400000, 0x0000000085500000|  0%| F|  |TAMS 0x0000000085400000, 0x0000000085400000| Untracked 
|  63|0x0000000085500000, 0x0000000085500000, 0x0000000085600000|  0%| F|  |TAMS 0x0000000085500000, 0x0000000085500000| Untracked 
|  64|0x0000000085600000, 0x0000000085600000, 0x0000000085700000|  0%| F|  |TAMS 0x0000000085600000, 0x0000000085600000| Untracked 
|  65|0x0000000085700000, 0x0000000085700000, 0x0000000085800000|  0%| F|  |TAMS 0x0000000085700000, 0x0000000085700000| Untracked 
|  66|0x0000000085800000, 0x0000000085800000, 0x0000000085900000|  0%| F|  |TAMS 0x0000000085800000, 0x0000000085800000| Untracked 
|  67|0x0000000085900000, 0x0000000085900000, 0x0000000085a00000|  0%| F|  |TAMS 0x0000000085900000, 0x0000000085900000| Untracked 
|  68|0x0000000085a00000, 0x0000000085a00000, 0x0000000085b00000|  0%| F|  |TAMS 0x0000000085a00000, 0x0000000085a00000| Untracked 
|  69|0x0000000085b00000, 0x0000000085b00000, 0x0000000085c00000|  0%| F|  |TAMS 0x0000000085b00000, 0x0000000085b00000| Untracked 
|  70|0x0000000085c00000, 0x0000000085c00000, 0x0000000085d00000|  0%| F|  |TAMS 0x0000000085c00000, 0x0000000085c00000| Untracked 
|  71|0x0000000085d00000, 0x0000000085d00000, 0x0000000085e00000|  0%| F|  |TAMS 0x0000000085d00000, 0x0000000085d00000| Untracked 
|  72|0x0000000085e00000, 0x0000000085e00000, 0x0000000085f00000|  0%| F|  |TAMS 0x0000000085e00000, 0x0000000085e00000| Untracked 
|  73|0x0000000085f00000, 0x0000000085f00000, 0x0000000086000000|  0%| F|  |TAMS 0x0000000085f00000, 0x0000000085f00000| Untracked 
|  74|0x0000000086000000, 0x0000000086000000, 0x0000000086100000|  0%| F|  |TAMS 0x0000000086000000, 0x0000000086000000| Untracked 
|  75|0x0000000086100000, 0x0000000086100000, 0x0000000086200000|  0%| F|  |TAMS 0x0000000086100000, 0x0000000086100000| Untracked 
|  76|0x0000000086200000, 0x0000000086200000, 0x0000000086300000|  0%| F|  |TAMS 0x0000000086200000, 0x0000000086200000| Untracked 
|  77|0x0000000086300000, 0x0000000086300000, 0x0000000086400000|  0%| F|  |TAMS 0x0000000086300000, 0x0000000086300000| Untracked 
|  78|0x0000000086400000, 0x0000000086400000, 0x0000000086500000|  0%| F|  |TAMS 0x0000000086400000, 0x0000000086400000| Untracked 
|  79|0x0000000086500000, 0x0000000086500000, 0x0000000086600000|  0%| F|  |TAMS 0x0000000086500000, 0x0000000086500000| Untracked 
|  80|0x0000000086600000, 0x0000000086600000, 0x0000000086700000|  0%| F|  |TAMS 0x0000000086600000, 0x0000000086600000| Untracked 
|  81|0x0000000086700000, 0x0000000086700000, 0x0000000086800000|  0%| F|  |TAMS 0x0000000086700000, 0x0000000086700000| Untracked 
|  82|0x0000000086800000, 0x0000000086800000, 0x0000000086900000|  0%| F|  |TAMS 0x0000000086800000, 0x0000000086800000| Untracked 
|  83|0x0000000086900000, 0x0000000086900000, 0x0000000086a00000|  0%| F|  |TAMS 0x0000000086900000, 0x0000000086900000| Untracked 
|  84|0x0000000086a00000, 0x0000000086a00000, 0x0000000086b00000|  0%| F|  |TAMS 0x0000000086a00000, 0x0000000086a00000| Untracked 
|  85|0x0000000086b00000, 0x0000000086b00000, 0x0000000086c00000|  0%| F|  |TAMS 0x0000000086b00000, 0x0000000086b00000| Untracked 
|  86|0x0000000086c00000, 0x0000000086c00000, 0x0000000086d00000|  0%| F|  |TAMS 0x0000000086c00000, 0x0000000086c00000| Untracked 
|  87|0x0000000086d00000, 0x0000000086d00000, 0x0000000086e00000|  0%| F|  |TAMS 0x0000000086d00000, 0x0000000086d00000| Untracked 
|  88|0x0000000086e00000, 0x0000000086e00000, 0x0000000086f00000|  0%| F|  |TAMS 0x0000000086e00000, 0x0000000086e00000| Untracked 
|  89|0x0000000086f00000, 0x0000000086f00000, 0x0000000087000000|  0%| F|  |TAMS 0x0000000086f00000, 0x0000000086f00000| Untracked 
|  90|0x0000000087000000, 0x0000000087000000, 0x0000000087100000|  0%| F|  |TAMS 0x0000000087000000, 0x0000000087000000| Untracked 
|  91|0x0000000087100000, 0x0000000087100000, 0x0000000087200000|  0%| F|  |TAMS 0x0000000087100000, 0x0000000087100000| Untracked 
|  92|0x0000000087200000, 0x0000000087200000, 0x0000000087300000|  0%| F|  |TAMS 0x0000000087200000, 0x0000000087200000| Untracked 
|  93|0x0000000087300000, 0x0000000087300000, 0x0000000087400000|  0%| F|  |TAMS 0x0000000087300000, 0x0000000087300000| Untracked 
|  94|0x0000000087400000, 0x0000000087400000, 0x0000000087500000|  0%| F|  |TAMS 0x0000000087400000, 0x0000000087400000| Untracked 
|  95|0x0000000087500000, 0x0000000087500000, 0x0000000087600000|  0%| F|  |TAMS 0x0000000087500000, 0x0000000087500000| Untracked 
|  96|0x0000000087600000, 0x0000000087600000, 0x0000000087700000|  0%| F|  |TAMS 0x0000000087600000, 0x0000000087600000| Untracked 
|  97|0x0000000087700000, 0x0000000087700000, 0x0000000087800000|  0%| F|  |TAMS 0x0000000087700000, 0x0000000087700000| Untracked 
|  98|0x0000000087800000, 0x0000000087800000, 0x0000000087900000|  0%| F|  |TAMS 0x0000000087800000, 0x0000000087800000| Untracked 
|  99|0x0000000087900000, 0x0000000087900000, 0x0000000087a00000|  0%| F|  |TAMS 0x0000000087900000, 0x0000000087900000| Untracked 
| 100|0x0000000087a00000, 0x0000000087a00000, 0x0000000087b00000|  0%| F|  |TAMS 0x0000000087a00000, 0x0000000087a00000| Untracked 
| 101|0x0000000087b00000, 0x0000000087b00000, 0x0000000087c00000|  0%| F|  |TAMS 0x0000000087b00000, 0x0000000087b00000| Untracked 
| 102|0x0000000087c00000, 0x0000000087c00000, 0x0000000087d00000|  0%| F|  |TAMS 0x0000000087c00000, 0x0000000087c00000| Untracked 
| 103|0x0000000087d00000, 0x0000000087d00000, 0x0000000087e00000|  0%| F|  |TAMS 0x0000000087d00000, 0x0000000087d00000| Untracked 
| 104|0x0000000087e00000, 0x0000000087e00000, 0x0000000087f00000|  0%| F|  |TAMS 0x0000000087e00000, 0x0000000087e00000| Untracked 
| 105|0x0000000087f00000, 0x0000000087f00000, 0x0000000088000000|  0%| F|  |TAMS 0x0000000087f00000, 0x0000000087f00000| Untracked 
| 106|0x0000000088000000, 0x0000000088000000, 0x0000000088100000|  0%| F|  |TAMS 0x0000000088000000, 0x0000000088000000| Untracked 
| 107|0x0000000088100000, 0x0000000088100000, 0x0000000088200000|  0%| F|  |TAMS 0x0000000088100000, 0x0000000088100000| Untracked 
| 108|0x0000000088200000, 0x0000000088200000, 0x0000000088300000|  0%| F|  |TAMS 0x0000000088200000, 0x0000000088200000| Untracked 
| 109|0x0000000088300000, 0x0000000088300000, 0x0000000088400000|  0%| F|  |TAMS 0x0000000088300000, 0x0000000088300000| Untracked 
| 110|0x0000000088400000, 0x0000000088400000, 0x0000000088500000|  0%| F|  |TAMS 0x0000000088400000, 0x0000000088400000| Untracked 
| 111|0x0000000088500000, 0x0000000088500000, 0x0000000088600000|  0%| F|  |TAMS 0x0000000088500000, 0x0000000088500000| Untracked 
| 112|0x0000000088600000, 0x0000000088600000, 0x0000000088700000|  0%| F|  |TAMS 0x0000000088600000, 0x0000000088600000| Untracked 
| 113|0x0000000088700000, 0x0000000088800000, 0x0000000088800000|100%| S|CS|TAMS 0x0000000088700000, 0x0000000088700000| Complete 
| 114|0x0000000088800000, 0x0000000088900000, 0x0000000088900000|100%| S|CS|TAMS 0x0000000088800000, 0x0000000088800000| Complete 
| 115|0x0000000088900000, 0x0000000088900000, 0x0000000088a00000|  0%| F|  |TAMS 0x0000000088900000, 0x0000000088900000| Untracked 
| 116|0x0000000088a00000, 0x0000000088a00000, 0x0000000088b00000|  0%| F|  |TAMS 0x0000000088a00000, 0x0000000088a00000| Untracked 
| 117|0x0000000088b00000, 0x0000000088b00000, 0x0000000088c00000|  0%| F|  |TAMS 0x0000000088b00000, 0x0000000088b00000| Untracked 
| 118|0x0000000088c00000, 0x0000000088c00000, 0x0000000088d00000|  0%| F|  |TAMS 0x0000000088c00000, 0x0000000088c00000| Untracked 
| 119|0x0000000088d00000, 0x0000000088d00000, 0x0000000088e00000|  0%| F|  |TAMS 0x0000000088d00000, 0x0000000088d00000| Untracked 
| 120|0x0000000088e00000, 0x0000000088ef73b0, 0x0000000088f00000| 96%| E|  |TAMS 0x0000000088e00000, 0x0000000088e00000| Complete 
| 121|0x0000000088f00000, 0x0000000089000000, 0x0000000089000000|100%| E|CS|TAMS 0x0000000088f00000, 0x0000000088f00000| Complete 
| 122|0x0000000089000000, 0x0000000089100000, 0x0000000089100000|100%| E|CS|TAMS 0x0000000089000000, 0x0000000089000000| Complete 
| 123|0x0000000089100000, 0x0000000089200000, 0x0000000089200000|100%| E|CS|TAMS 0x0000000089100000, 0x0000000089100000| Complete 
| 124|0x0000000089200000, 0x0000000089300000, 0x0000000089300000|100%| E|CS|TAMS 0x0000000089200000, 0x0000000089200000| Complete 
| 125|0x0000000089300000, 0x0000000089400000, 0x0000000089400000|100%| E|CS|TAMS 0x0000000089300000, 0x0000000089300000| Complete 
| 126|0x0000000089400000, 0x0000000089500000, 0x0000000089500000|100%| E|CS|TAMS 0x0000000089400000, 0x0000000089400000| Complete 
| 127|0x0000000089500000, 0x0000000089600000, 0x0000000089600000|100%| E|CS|TAMS 0x0000000089500000, 0x0000000089500000| Complete 

Card table byte_map: [0x000002297d7b0000,0x000002297dbb0000] _byte_map_base: 0x000002297d3a5000

Marking Bits (Prev, Next): (CMBitMap*) 0x0000022979f3c920, (CMBitMap*) 0x0000022979f3c960
 Prev Bits: [0x000002297dfb0000, 0x000002297ff58000)
 Next Bits: [0x000002290f000000, 0x0000022910fa8000)

Polling page: 0x0000022977ed0000

Metaspace:

Usage:
  Non-class:      9.25 MB used.
      Class:      1.03 MB used.
       Both:     10.28 MB used.

Virtual space:
  Non-class space:       64.00 MB reserved,       9.31 MB ( 15%) committed,  1 nodes.
      Class space:        1.00 GB reserved,       1.12 MB ( <1%) committed,  1 nodes.
             Both:        1.06 GB reserved,      10.44 MB ( <1%) committed. 

Chunk freelists:
   Non-Class:  6.40 MB
       Class:  14.94 MB
        Both:  21.34 MB

MaxMetaspaceSize: unlimited
CompressedClassSpaceSize: 1.00 GB
Initial GC threshold: 21.00 MB
Current GC threshold: 21.00 MB
CDS: off
MetaspaceReclaimPolicy: balanced
 - commit_granule_bytes: 65536.
 - commit_granule_words: 8192.
 - virtual_space_node_default_size: 8388608.
 - enlarge_chunks_in_place: 1.
 - new_chunks_are_fully_committed: 0.
 - uncommit_free_chunks: 1.
 - use_allocation_guard: 0.
 - handle_deallocations: 1.


Internal statistics:

num_allocs_failed_limit: 0.
num_arena_births: 18.
num_arena_deaths: 0.
num_vsnodes_births: 2.
num_vsnodes_deaths: 0.
num_space_committed: 167.
num_space_uncommitted: 0.
num_chunks_returned_to_freelist: 0.
num_chunks_taken_from_freelist: 103.
num_chunk_merges: 0.
num_chunk_splits: 61.
num_chunks_enlarged: 53.
num_inconsistent_stats: 0.

CodeHeap 'non-profiled nmethods': size=120000Kb used=289Kb max_used=289Kb free=119710Kb
 bounds [0x0000022907ad0000, 0x0000022907d40000, 0x000002290f000000]
CodeHeap 'profiled nmethods': size=120000Kb used=1467Kb max_used=1467Kb free=118533Kb
 bounds [0x0000022900000000, 0x0000022900270000, 0x0000022907530000]
CodeHeap 'non-nmethods': size=5760Kb used=1124Kb max_used=1149Kb free=4635Kb
 bounds [0x0000022907530000, 0x00000229077a0000, 0x0000022907ad0000]
 total_blobs=1206 nmethods=797 adapters=322
 compilation: enabled
              stopped_count=0, restarted_count=0
 full_count=0

Compilation events (20 events):
Event: 3.383 Thread 0x0000022913640190  775 %     4       java.lang.StringCoding::hasNegatives @ 2 (25 bytes)
Event: 3.389 Thread 0x0000022913640190 nmethod 775% 0x0000022907b16790 code [0x0000022907b16920, 0x0000022907b16af8]
Event: 3.394 Thread 0x0000022913642aa0  776   !   3       java.net.URLClassLoader::defineClass (224 bytes)
Event: 3.398 Thread 0x0000022913642aa0 nmethod 776 0x0000022900158c90 code [0x0000022900159140, 0x000002290015b2a8]
Event: 3.410 Thread 0x0000022913640190  777       4       java.util.HashMap::get (19 bytes)
Event: 3.417 Thread 0x0000022913642aa0  778       3       sun.net.www.ParseUtil::encodePath (41 bytes)
Event: 3.418 Thread 0x0000022913642aa0 nmethod 778 0x000002290015c190 code [0x000002290015c360, 0x000002290015c5c8]
Event: 3.420 Thread 0x0000022913640190 nmethod 777 0x0000022907b16c10 code [0x0000022907b16dc0, 0x0000022907b172c8]
Event: 3.532 Thread 0x0000022913640190  779   !   4       jdk.internal.loader.URLClassPath$JarLoader::ensureOpen (36 bytes)
Event: 3.537 Thread 0x0000022913640190 nmethod 779 0x0000022907b17610 code [0x0000022907b177e0, 0x0000022907b179f0]
Event: 3.602 Thread 0x0000022913640190  780       4       java.util.jar.JarFile::getEntry (35 bytes)
Event: 3.604 Thread 0x0000022913642aa0  781   !   3       java.util.jar.JarFile::getManifestFromReference (197 bytes)
Event: 3.605 Thread 0x0000022913640190 nmethod 780 0x0000022907b17d10 code [0x0000022907b17ec0, 0x0000022907b18050]
Event: 3.606 Thread 0x0000022913642aa0 nmethod 781 0x000002290015c690 code [0x000002290015c9a0, 0x000002290015ddd8]
Event: 3.608 Thread 0x0000022913642aa0  782       3       java.util.regex.Matcher::reset (128 bytes)
Event: 3.609 Thread 0x0000022913642aa0 nmethod 782 0x000002290015e510 code [0x000002290015e700, 0x000002290015ec98]
Event: 3.611 Thread 0x0000022913640190  783   !   4       jdk.internal.loader.URLClassPath$JarLoader::getResource (65 bytes)
Event: 3.616 Thread 0x0000022913642aa0  784       3       sun.net.www.protocol.jar.Handler::parseContextSpec (150 bytes)
Event: 3.619 Thread 0x0000022913642aa0 nmethod 784 0x000002290015ee90 code [0x000002290015f320, 0x0000022900160fb8]
Event: 3.619 Thread 0x0000022913642aa0  785       3       sun.net.www.protocol.jar.Handler::indexOfBangSlash (52 bytes)

GC Heap History (2 events):
Event: 1.821 GC heap before
{Heap before GC invocations=0 (full 0):
 garbage-first heap   total 131072K, used 15360K [0x0000000081600000, 0x0000000100000000)
  region size 1024K, 13 young (13312K), 0 survivors (0K)
 Metaspace       used 8393K, committed 8512K, reserved 1114112K
  class space    used 739K, committed 768K, reserved 1048576K
}
Event: 1.884 GC heap after
{Heap after GC invocations=1 (full 0):
 garbage-first heap   total 131072K, used 3608K [0x0000000081600000, 0x0000000100000000)
  region size 1024K, 2 young (2048K), 2 survivors (2048K)
 Metaspace       used 8393K, committed 8512K, reserved 1114112K
  class space    used 739K, committed 768K, reserved 1048576K
}

Dll operation events (2 events):
Event: 0.049 Loaded shared library C:\Program Files\Android\Android Studio\jbr\bin\java.dll
Event: 0.476 Loaded shared library C:\Program Files\Android\Android Studio\jbr\bin\verify.dll

Deoptimization events (20 events):
Event: 3.606 Thread 0x0000022979ee3c50 Uncommon trap: trap_request=0xffffff45 fr.pc=0x0000022907aece38 relative=0x0000000000000198
Event: 3.606 Thread 0x0000022979ee3c50 Uncommon trap: reason=unstable_if action=reinterpret pc=0x0000022907aece38 method=java.util.regex.Matcher.reset()Ljava/util/regex/Matcher; @ 47 c2
Event: 3.606 Thread 0x0000022979ee3c50 DEOPT PACKING pc=0x0000022907aece38 sp=0x000000893dbfd400
Event: 3.606 Thread 0x0000022979ee3c50 DEOPT UNPACKING pc=0x00000229075869a3 sp=0x000000893dbfd388 mode 2
Event: 3.606 Thread 0x0000022979ee3c50 Uncommon trap: trap_request=0xffffffde fr.pc=0x0000022907aeea6c relative=0x000000000000038c
Event: 3.606 Thread 0x0000022979ee3c50 Uncommon trap: reason=class_check action=maybe_recompile pc=0x0000022907aeea6c method=java.util.regex.Matcher.match(II)Z @ 121 c2
Event: 3.606 Thread 0x0000022979ee3c50 DEOPT PACKING pc=0x0000022907aeea6c sp=0x000000893dbfd450
Event: 3.606 Thread 0x0000022979ee3c50 DEOPT UNPACKING pc=0x00000229075869a3 sp=0x000000893dbfd3f8 mode 2
Event: 3.606 Thread 0x0000022979ee3c50 Uncommon trap: trap_request=0xffffffde fr.pc=0x0000022907aeea6c relative=0x000000000000038c
Event: 3.606 Thread 0x0000022979ee3c50 Uncommon trap: reason=class_check action=maybe_recompile pc=0x0000022907aeea6c method=java.util.regex.Matcher.match(II)Z @ 121 c2
Event: 3.606 Thread 0x0000022979ee3c50 DEOPT PACKING pc=0x0000022907aeea6c sp=0x000000893dbfd450
Event: 3.606 Thread 0x0000022979ee3c50 DEOPT UNPACKING pc=0x00000229075869a3 sp=0x000000893dbfd3f8 mode 2
Event: 3.608 Thread 0x0000022979ee3c50 Uncommon trap: trap_request=0xffffffde fr.pc=0x0000022907aeea6c relative=0x000000000000038c
Event: 3.608 Thread 0x0000022979ee3c50 Uncommon trap: reason=class_check action=maybe_recompile pc=0x0000022907aeea6c method=java.util.regex.Matcher.match(II)Z @ 121 c2
Event: 3.608 Thread 0x0000022979ee3c50 DEOPT PACKING pc=0x0000022907aeea6c sp=0x000000893dbfd2d0
Event: 3.608 Thread 0x0000022979ee3c50 DEOPT UNPACKING pc=0x00000229075869a3 sp=0x000000893dbfd278 mode 2
Event: 3.608 Thread 0x0000022979ee3c50 Uncommon trap: trap_request=0xffffffde fr.pc=0x0000022907aeea6c relative=0x000000000000038c
Event: 3.608 Thread 0x0000022979ee3c50 Uncommon trap: reason=class_check action=maybe_recompile pc=0x0000022907aeea6c method=java.util.regex.Matcher.match(II)Z @ 121 c2
Event: 3.608 Thread 0x0000022979ee3c50 DEOPT PACKING pc=0x0000022907aeea6c sp=0x000000893dbfd2d0
Event: 3.608 Thread 0x0000022979ee3c50 DEOPT UNPACKING pc=0x00000229075869a3 sp=0x000000893dbfd278 mode 2

Classes unloaded (0 events):
No events

Classes redefined (0 events):
No events

Internal exceptions (1 events):
Event: 0.889 Thread 0x0000022979ee3c50 Exception <a 'java/lang/NoSuchMethodError'{0x00000000893dc8f8}: 'int java.lang.invoke.DirectMethodHandle$Holder.invokeStaticInit(java.lang.Object, java.lang.Object)'> (0x00000000893dc8f8) 
thrown [s\src\hotspot\share\interpreter\linkResolver.cpp, line 771]

VM Operations (8 events):
Event: 0.466 Executing VM operation: HandshakeAllThreads
Event: 0.466 Executing VM operation: HandshakeAllThreads done
Event: 1.481 Executing VM operation: Cleanup
Event: 1.481 Executing VM operation: Cleanup done
Event: 1.821 Executing VM operation: G1CollectForAllocation
Event: 1.884 Executing VM operation: G1CollectForAllocation done
Event: 2.645 Executing VM operation: HandshakeAllThreads
Event: 2.645 Executing VM operation: HandshakeAllThreads done

Events (20 events):
Event: 2.729 loading class java/util/ServiceLoader$ProviderImpl
Event: 2.729 loading class java/util/ServiceLoader$Provider
Event: 2.729 loading class java/util/ServiceLoader$Provider done
Event: 2.729 loading class java/util/ServiceLoader$ProviderImpl done
Event: 2.729 loading class jdk/internal/logger/BootstrapLogger$LoggingBackend
Event: 2.730 loading class jdk/internal/logger/BootstrapLogger$LoggingBackend done
Event: 2.730 loading class jdk/internal/logger/BootstrapLogger$RedirectedLoggers
Event: 2.730 loading class jdk/internal/logger/BootstrapLogger$RedirectedLoggers done
Event: 2.730 loading class jdk/internal/logger/BootstrapLogger$BootstrapExecutors
Event: 2.730 loading class jdk/internal/logger/BootstrapLogger$BootstrapExecutors done
Event: 2.731 loading class java/util/logging/LogManager$4
Event: 2.732 loading class java/util/logging/LogManager$4 done
Event: 2.732 loading class java/util/logging/Logger$SystemLoggerHelper
Event: 2.733 loading class java/util/logging/Logger$SystemLoggerHelper done
Event: 2.733 loading class java/util/logging/Logger$SystemLoggerHelper$1
Event: 2.733 loading class java/util/logging/Logger$SystemLoggerHelper$1 done
Event: 2.734 loading class jdk/internal/logger/DefaultLoggerFinder$1
Event: 2.734 loading class jdk/internal/logger/DefaultLoggerFinder$1 done
Event: 3.439 loading class java/lang/NumberFormatException
Event: 3.440 loading class java/lang/NumberFormatException done


Dynamic libraries:
0x00007ff6a7e60000 - 0x00007ff6a7e6a000 	C:\Program Files\Android\Android Studio\jbr\bin\java.exe
0x00007ffda18d0000 - 0x00007ffda1ae6000 	C:\Windows\SYSTEM32\ntdll.dll
0x00007ffd9fdd0000 - 0x00007ffd9fe94000 	C:\Windows\System32\KERNEL32.DLL
0x00007ffd9ec10000 - 0x00007ffd9efb6000 	C:\Windows\System32\KERNELBASE.dll
0x00007ffd9f110000 - 0x00007ffd9f221000 	C:\Windows\System32\ucrtbase.dll
0x00007ffd81d60000 - 0x00007ffd81d77000 	C:\Program Files\Android\Android Studio\jbr\bin\jli.dll
0x00007ffda1630000 - 0x00007ffda17dd000 	C:\Windows\System32\USER32.dll
0x00007ffd9f0e0000 - 0x00007ffd9f106000 	C:\Windows\System32\win32u.dll
0x00007ffda1600000 - 0x00007ffda1629000 	C:\Windows\System32\GDI32.dll
0x00007ffd9f360000 - 0x00007ffd9f478000 	C:\Windows\System32\gdi32full.dll
0x00007ffd9f040000 - 0x00007ffd9f0da000 	C:\Windows\System32\msvcp_win.dll
0x00007ffd9bee0000 - 0x00007ffd9befb000 	C:\Program Files\Android\Android Studio\jbr\bin\VCRUNTIME140.dll
0x00007ffd908c0000 - 0x00007ffd90b53000 	C:\Windows\WinSxS\amd64_microsoft.windows.common-controls_6595b64144ccf1df_6.0.22621.3235_none_270f74e173860f98\COMCTL32.dll
0x00007ffda13c0000 - 0x00007ffda1467000 	C:\Windows\System32\msvcrt.dll
0x00007ffd9ffc0000 - 0x00007ffd9fff1000 	C:\Windows\System32\IMM32.DLL
0x00007ffd9a040000 - 0x00007ffd9a04c000 	C:\Program Files\Android\Android Studio\jbr\bin\vcruntime140_1.dll
0x00007ffd98d60000 - 0x00007ffd98ded000 	C:\Program Files\Android\Android Studio\jbr\bin\msvcp140.dll
0x00007ffd18e20000 - 0x00007ffd19aa0000 	C:\Program Files\Android\Android Studio\jbr\bin\server\jvm.dll
0x00007ffda0960000 - 0x00007ffda0a12000 	C:\Windows\System32\ADVAPI32.dll
0x00007ffda17e0000 - 0x00007ffda1888000 	C:\Windows\System32\sechost.dll
0x00007ffd9f5f0000 - 0x00007ffd9f618000 	C:\Windows\System32\bcrypt.dll
0x00007ffd9fea0000 - 0x00007ffd9ffb5000 	C:\Windows\System32\RPCRT4.dll
0x00007ffd9bd00000 - 0x00007ffd9bd09000 	C:\Windows\SYSTEM32\WSOCK32.dll
0x00007ffda1470000 - 0x00007ffda14e1000 	C:\Windows\System32\WS2_32.dll
0x00007ffd980c0000 - 0x00007ffd980f4000 	C:\Windows\SYSTEM32\WINMM.dll
0x00007ffd94910000 - 0x00007ffd9491a000 	C:\Windows\SYSTEM32\VERSION.dll
0x00007ffd9dd40000 - 0x00007ffd9dd58000 	C:\Windows\SYSTEM32\kernel.appcore.dll
0x00007ffd99650000 - 0x00007ffd9965a000 	C:\Program Files\Android\Android Studio\jbr\bin\jimage.dll
0x00007ffd81680000 - 0x00007ffd818b3000 	C:\Windows\SYSTEM32\DBGHELP.DLL
0x00007ffd9f820000 - 0x00007ffd9fba8000 	C:\Windows\System32\combase.dll
0x00007ffda0860000 - 0x00007ffda0937000 	C:\Windows\System32\OLEAUT32.dll
0x00007ffd907a0000 - 0x00007ffd907d2000 	C:\Windows\SYSTEM32\dbgcore.DLL
0x00007ffd9efc0000 - 0x00007ffd9f03a000 	C:\Windows\System32\bcryptPrimitives.dll
0x00007ffd81dc0000 - 0x00007ffd81de5000 	C:\Program Files\Android\Android Studio\jbr\bin\java.dll
0x00007ffd81ed0000 - 0x00007ffd81ee8000 	C:\Program Files\Android\Android Studio\jbr\bin\zip.dll
0x00007ffda0000000 - 0x00007ffda085d000 	C:\Windows\System32\SHELL32.dll
0x00007ffd9cb70000 - 0x00007ffd9d468000 	C:\Windows\SYSTEM32\windows.storage.dll
0x00007ffd9ca30000 - 0x00007ffd9cb6e000 	C:\Windows\SYSTEM32\wintypes.dll
0x00007ffda14f0000 - 0x00007ffda15e3000 	C:\Windows\System32\SHCORE.dll
0x00007ffda0be0000 - 0x00007ffda0c3e000 	C:\Windows\System32\shlwapi.dll
0x00007ffd9eb40000 - 0x00007ffd9eb66000 	C:\Windows\SYSTEM32\profapi.dll
0x00007ffd81da0000 - 0x00007ffd81db9000 	C:\Program Files\Android\Android Studio\jbr\bin\net.dll
0x00007ffd97f80000 - 0x00007ffd980b7000 	C:\Windows\SYSTEM32\WINHTTP.dll
0x00007ffd9e1c0000 - 0x00007ffd9e229000 	C:\Windows\system32\mswsock.dll
0x00007ffd81d80000 - 0x00007ffd81d96000 	C:\Program Files\Android\Android Studio\jbr\bin\nio.dll
0x00007ffd990c0000 - 0x00007ffd990d0000 	C:\Program Files\Android\Android Studio\jbr\bin\verify.dll

dbghelp: loaded successfully - version: 4.0.5 - missing functions: none
symbol engine: initialized successfully - sym options: 0x614 - pdb path: .;C:\Program Files\Android\Android Studio\jbr\bin;C:\Windows\SYSTEM32;C:\Windows\WinSxS\amd64_microsoft.windows.common-controls_6595b64144ccf1df_6.0.22621.3235_none_270f74e173860f98;C:\Program Files\Android\Android Studio\jbr\bin\server

VM Arguments:
jvm_args: -Dorg.gradle.appname=gradlew 
java_command: org.gradle.wrapper.GradleWrapperMain -q -Ptarget-platform=android-x64 -Ptarget=C:\Users\Malith\Downloads\fluttergarbageproject\agriculture\agriculture\lib\main.dart -Pbase-application-name=android.app.Application -Pdart-defines=RkxVVFRFUl9XRUJfQVVUT19ERVRFQ1Q9dHJ1ZQ==,RkxVVFRFUl9XRUJfQ0FOVkFTS0lUX1VSTD1odHRwczovL3d3dy5nc3RhdGljLmNvbS9mbHV0dGVyLWNhbnZhc2tpdC9hNWMyNGY1MzhkMDVhYWY2NmY3OTcyZmIyMzk1OWQ4Y2FmYjlmOTVhLw== -Pdart-obfuscation=false -Ptrack-widget-creation=true -Ptree-shake-icons=false -Pfilesystem-scheme=org-dartlang-root assembleDebug
java_class_path (initial): C:\Users\Malith\Downloads\fluttergarbageproject\agriculture\agriculture\android\\gradle\wrapper\gradle-wrapper.jar
Launcher Type: SUN_STANDARD

[Global flags]
     intx CICompilerCount                          = 3                                         {product} {ergonomic}
     uint ConcGCThreads                            = 1                                         {product} {ergonomic}
     uint G1ConcRefinementThreads                  = 4                                         {product} {ergonomic}
   size_t G1HeapRegionSize                         = 1048576                                   {product} {ergonomic}
    uintx GCDrainStackTargetSize                   = 64                                        {product} {ergonomic}
   size_t InitialHeapSize                          = 134217728                                 {product} {ergonomic}
   size_t MarkStackSize                            = 4194304                                   {product} {ergonomic}
   size_t MaxHeapSize                              = 2124414976                                {product} {ergonomic}
   size_t MaxNewSize                               = 1274019840                                {product} {ergonomic}
   size_t MinHeapDeltaBytes                        = 1048576                                   {product} {ergonomic}
   size_t MinHeapSize                              = 8388608                                   {product} {ergonomic}
    uintx NonNMethodCodeHeapSize                   = 5832780                                {pd product} {ergonomic}
    uintx NonProfiledCodeHeapSize                  = 122912730                              {pd product} {ergonomic}
    uintx ProfiledCodeHeapSize                     = 122912730                              {pd product} {ergonomic}
    uintx ReservedCodeCacheSize                    = 251658240                              {pd product} {ergonomic}
     bool SegmentedCodeCache                       = true                                      {product} {ergonomic}
   size_t SoftMaxHeapSize                          = 2124414976                             {manageable} {ergonomic}
     bool UseCompressedClassPointers               = true                           {product lp64_product} {ergonomic}
     bool UseCompressedOops                        = true                           {product lp64_product} {ergonomic}
     bool UseG1GC                                  = true                                      {product} {ergonomic}
     bool UseLargePagesIndividualAllocation        = false                                  {pd product} {ergonomic}

Logging:
Log output configuration:
 #0: stdout all=warning uptime,level,tags
 #1: stderr all=off uptime,level,tags

Environment Variables:
JAVA_HOME=C:\Program Files\Android\Android Studio\jbr
CLASSPATH=C:\Users\Malith\Downloads\fluttergarbageproject\agriculture\agriculture\android\\gradle\wrapper\gradle-wrapper.jar
PATH=C:\Program Files\Android\Android Studio\jbr\bin;C:\Program Files\Common Files\Oracle\Java\javapath;C:\Python312\Scripts\;C:\Python312\;C:\Windows\system32;C:\Windows;C:\Windows\System32\Wbem;C:\Windows\System32\WindowsPowerShell\v1.0\;C:\Windows\System32\OpenSSH\;C:\ProgramData\chocolatey\bin;D:\SystemsInstallers\node\;C:\Program Files (x86)\Microsoft SQL Server\160\Tools\Binn\;C:\Program Files\Microsoft SQL Server\160\Tools\Binn\;C:\Program Files\Microsoft SQL Server\Client SDK\ODBC\170\Tools\Binn\;C:\Program Files\Microsoft SQL Server\160\DTS\Binn\;C:\Program Files (x86)\Microsoft SQL Server\160\DTS\Binn\;C:\Program Files\Azure Data Studio\bin;C:\composer;C:\flutter\bin;C:\Program Files\Git\cmd;C:\Program Files\Microsoft SQL Server\150\Tools\Binn\;C:\Program Files\dotnet\;C:\Program Files (x86)\Windows Kits\10\Windows Performance Toolkit\;C:\xampp\php;C:\Users\Malith\AppData\Local\Microsoft\WindowsApps;C:\Users\Malith\AppData\Local\Programs\Microsoft VS Code\bin;C:\Users\Malith\AppData\Roaming\npm;C:\Program Files\Azure Data Studio\bin;C:\Users\Malith\AppData\Roaming\Composer\vendor\bin;C:\flutter\bin;C:\Users\Malith\.dotnet\tools;C:\xampp\php;D:\intelli\IntelliJ IDEA 2023.3.2\bin;;C:\Users\Malith\AppData\Local\GitHubDesktop\bin;C:\flutter\bin\mingit\cmd;C:\flutter\bin\mingit\cmd
USERNAME=Malith
OS=Windows_NT
PROCESSOR_IDENTIFIER=Intel64 Family 6 Model 61 Stepping 4, GenuineIntel
TMP=C:\Users\Malith\AppData\Local\Temp
TEMP=C:\Users\Malith\AppData\Local\Temp


JNI global refs:
JNI global refs: 7, weak refs: 0

JNI global refs memory usage: 843, weak refs: 209

OOME stack traces (most recent first):
Classloader memory used:
Loader bootstrap                                                                       : 1147K
Loader org.gradle.internal.classloader.VisitableURLClassLoader                         : 124K
Loader java.net.URLClassLoader                                                         : 25811B
Loader jdk.internal.loader.ClassLoaders$AppClassLoader                                 : 18431B

Classes loaded by more than one classloader:
Class org.gradle.internal.installation.GradleInstallation                             : loaded 2 times (x 73B)
Class org.gradle.cli.ParsedCommandLine                                                : loaded 2 times (x 78B)
Class org.gradle.api.Action                                                           : loaded 2 times (x 68B)
Class org.gradle.cli.CommandLineParser$OptionString                                   : loaded 2 times (x 71B)
Class org.gradle.internal.installation.GradleInstallation$1                           : loaded 2 times (x 73B)
Class org.gradle.cli.CommandLineParser$AfterOptions                                   : loaded 2 times (x 75B)
Class org.gradle.cli.CommandLineParser$AfterFirstSubCommand                           : loaded 2 times (x 75B)
Class org.gradle.internal.service.UnknownServiceException                             : loaded 2 times (x 81B)
Class org.gradle.api.GradleException                                                  : loaded 2 times (x 80B)
Class org.gradle.cli.CommandLineParser$KnownOptionParserState                         : loaded 2 times (x 74B)
Class org.gradle.cli.AbstractPropertiesCommandLineConverter                           : loaded 2 times (x 81B)
Class org.gradle.api.specs.Spec                                                       : loaded 2 times (x 68B)
Class org.gradle.cli.SystemPropertiesCommandLineConverter                             : loaded 2 times (x 81B)
Class org.gradle.internal.installation.CurrentGradleInstallation                      : loaded 2 times (x 71B)
Class org.gradle.internal.installation.CurrentGradleInstallationLocator               : loaded 2 times (x 69B)
Class org.gradle.api.Transformer                                                      : loaded 2 times (x 68B)
Class org.gradle.cli.CommandLineParser                                                : loaded 2 times (x 77B)
Class org.gradle.cli.CommandLineParser$BeforeFirstSubCommand                          : loaded 2 times (x 75B)
Class org.gradle.cli.CommandLineOption                                                : loaded 2 times (x 84B)
Class org.gradle.cli.CommandLineParser$ParserState                                    : loaded 2 times (x 74B)
Class org.gradle.cli.CommandLineParser$MissingOptionArgState                          : loaded 2 times (x 75B)
Class org.gradle.api.UncheckedIOException                                             : loaded 2 times (x 80B)
Class org.gradle.cli.ParsedCommandLineOption                                          : loaded 2 times (x 74B)
Class org.gradle.internal.classloader.ClasspathUtil                                   : loaded 2 times (x 69B)
Class org.gradle.cli.CommandLineParser$UnknownOptionParserState                       : loaded 2 times (x 74B)
Class org.gradle.internal.service.ServiceLookupException                              : loaded 2 times (x 80B)
Class org.gradle.cli.CommandLineParser$OptionAwareParserState                         : loaded 2 times (x 75B)
Class org.gradle.cli.CommandLineParser$OptionParserState                              : loaded 2 times (x 73B)
Class org.gradle.internal.Cast                                                        : loaded 2 times (x 69B)
Class org.gradle.cli.CommandLineConverter                                             : loaded 2 times (x 68B)
Class org.gradle.cli.AbstractCommandLineConverter                                     : loaded 2 times (x 77B)
Class org.gradle.cli.CommandLineArgumentException                                     : loaded 2 times (x 80B)


---------------  S Y S T E M  ---------------

OS:
 Windows 11 , 64 bit Build 22621 (10.0.22621.3235)
OS uptime: 6 days 23:56 hours
Hyper-V role detected

CPU: total 4 (initial active 4) (2 cores per cpu, 2 threads per core) family 6 model 61 stepping 4 microcode 0x2f, cx8, cmov, fxsr, ht, mmx, 3dnowpref, sse, sse2, sse3, ssse3, sse4.1, sse4.2, popcnt, lzcnt, tsc, tscinvbit, avx, avx2, aes, erms, clmul, bmi1, bmi2, adx, fma, vzeroupper, clflush, hv

Memory: 4k page, system-wide physical 8102M (461M free)
TotalPageFile size 18342M (AvailPageFile size 6M)
current process WorkingSet (physical memory assigned to process): 68M, peak: 69M
current process commit charge ("private bytes"): 213M, peak: 214M

vm_info: OpenJDK 64-Bit Server VM (17.0.7+0-b2043.56-10550314) for windows-amd64 JRE (17.0.7+0-b2043.56-10550314), built on Jul 24 2023 18:27:45 by "androidbuild" with MS VC++ 16.10 / 16.11 (VS2019)

END.
